14:55:59 **** Incremental Build of configuration CudaGCC_parallel for project Student_Cuda_Image ****
cbicc cuda jall 

--------------------------------------------------------
[Runtime] : gcc x86
--------------------------------------------------------


[cuda]        : /usr/local

[jni]         : /usr/lib/jvm/java-8-oracle

[X11]         : /usr/include/X11

[MKL]         : /opt/intel/mkl

[boost]       : /opt/api/ext/boost

[opencv]      : /opt/api/ext/opencv

[cpptest]     : /opt/api/ext/cpptest

[gphoto2]     : /opt/api/ext/gphoto2

[urg]         : /opt/api/ext/urg

[wic]         : /opt/api/ext/wic 

[pleora]      : /opt/api/ext/pleora

[glm]      : /opt/api/ext/GLM

[Runtime] : BILAT_INFOGRAPHIE           /opt/api/cbi/infographie

     BILAT_TOOLS_JST_HOME             = /opt/api/cbi/infographie/tools
     BILAT_OPENGL_HOME                = /opt/api/cbi/infographie/opengl
     BILAT_FENETRAGE_HOME             = /opt/api/cbi/infographie/fenetrage
     BILAT_IMAGE_HOME                 = /opt/api/cbi/infographie/image
     BILAT_SCENE_3D_HOME              = /opt/api/cbi/infographie/scene3d

[Runtime] : BILAT_TOOLS                 /opt/api/cbi/tools

     BILAT_TOOLS_CPP_HOME             = /opt/api/cbi/tools/bilat_tools_cpp
     BILAT_TOOLS_OMP_HOME             = /opt/api/cbi/tools/bilat_tools_omp
     BILAT_TOOLS_CUDA_HOME            = /opt/api/cbi/tools/bilat_tools_cuda
     BILAT_TOOLS_MKL_HOME             = /opt/api/cbi/tools/bilat_tools_mkl
     BILAT_TOOLS_OPENCV_HOME          = /opt/api/cbi/tools/bilat_tools_opencv
     BILAT_TOOLS_V4L_HOME             = /opt/api/cbi/tools/bilat_tools_v4l
     BILAT_TOOLS_CUDA_IMAGE_HOME      = /opt/api/cbi/tools/bilat_tools_cuda_image
     BILAT_TOOLS_CUDA_IMAGE_CV_HOME   = /opt/api/cbi/tools/bilat_tools_cuda_image_cv
     BILAT_TOOLS_IMAGE_HOME           = /opt/api/cbi/tools/bilat_tools_image
     BILAT_TOOLS_IMAGE_CVHOME         = /opt/api/cbi/tools/bilat_tools_image_cv

[Runtime] : BILAT_CAPTEUR               /opt/api/cbi/capteur

     BILAT_GPHOTO2_HOME               = /opt/api/cbi/capteur/bilat_gphoto2
     BILAT_LASER_HOME                 = /opt/api/cbi/capteur/bilat_laser
     BILAT_LIDAR_HOME                 = /opt/api/cbi/capteur/bilat_lidar
     BILAT_TAU2_HOME                  = /opt/api/cbi/capteur/bilat_tau2
     BILAT_SPEECH_HOME                = /opt/api/cbi/capteur/bilat_speech
     BILAT_GPS_HOME                   = /opt/api/cbi/capteur/bilat_gps
     BILAT_PIPES_HOME                 = /opt/api/cbi/capteur/bilat_pipes

--------------------------------------------------------
[Runtime] : gcc x86 : Ready!
--------------------------------------------------------


g++ (Ubuntu 4.8.4-2ubuntu1~14.04.3) 4.8.4
Copyright (C) 2013 Free Software Foundation, Inc.
This is free software; see the source for copying conditions.  There is NO
warranty; not even for MERCHANTABILITY or FITNESS FOR A PARTICULAR PURPOSE.


nvcc: NVIDIA (R) Cuda compiler driver
Copyright (c) 2005-2016 NVIDIA Corporation
Built on Sun_Sep__4_22:14:01_CDT_2016
Cuda compilation tools, release 8.0, V8.0.44


[CUDA GCC] : jall


==================================================================================
[CBI] -> Target Name  : Student_Cuda_Image_cuda_80_x86_64
[CBI] ->
[CBI] -> Build        : /tmp/ramdrive/arc28/Targets/Student_Cuda_Image/bin/Student_Cuda_Image_cuda_80_x86_64.run
[CBI] -> Deploy       : ../RELEASE/bin
[CBI] ->
[CBI] -> Type	      : EXE
[CBI] -> Arch	      : x86_64
[CBI] -> OS	 		  : Linux
[CBI] -> User	 	  : arc28
[CBI] ->
[CBI] -> Task		  : Compiling-Linking !
==================================================================================

[CBI] -> SRC AUX (Recursif) :
[CBI] ->

[CBI] -> CXXFLAGS (Partial) :
[CBI] ->
[CBI] ->              : -fopenmp
[CBI] ->              : -std=c++11
[CBI] ->              : -O3
[CBI] ->              : -frerun-loop-opt
[CBI] ->              : -fomit-frame-pointer

[CBI] -> CXXLDFLAGS (Partial) :
[CBI] ->

[CBI] -> NVCCFLAGS (Partial) :
[CBI] ->
[CBI] ->              : --fmad=true
[CBI] ->              : -arch=sm_52
[CBI] ->              : -m64
[CBI] ->              : -std=c++11
[CBI] ->              : -use_fast_math

[CBI] -> NVCCLDFLAGS (Partial) :
[CBI] ->
[CBI] ->              : -arch=sm_52

[CBI] -> INC_PATH (auto detect):
[CBI] ->              : src/cpp/core/01_Rippling/01_animable/device/math/
[CBI] ->              : src/cpp/core/01_Rippling/01_animable/host/
[CBI] ->              : src/cpp/core/01_Rippling/02_provider/
[CBI] ->              : src/cpp/core/02_Mandelbrot/a_animable/device/math/
[CBI] ->              : src/cpp/core/02_Mandelbrot/a_animable/host/
[CBI] ->              : src/cpp/core/02_Mandelbrot/b_provider/


[CBI] -> LIB_PATH (auto detect):

[CBI] -> LIB_PATH (auto detect):

[CBI] -> API_INC :
[CBI] ->              : /opt/api/cbi/infographie/fenetrage/301/Bilat_Fenetrage_Displayable/INC
[CBI] ->              : /opt/api/cbi/infographie/fenetrage/301/Bilat_Fenetrage_Displayable/INC/primitives
[CBI] ->              : /opt/api/cbi/infographie/fenetrage/301/Bilat_Fenetrage_Displayable_GL/INC
[CBI] ->              : /opt/api/cbi/infographie/fenetrage/301/Bilat_Fenetrage_Displayable_GL/INC/primitives
[CBI] ->              : /opt/api/cbi/infographie/fenetrage/301/Bilat_Fenetrage_FreeGlut_Tools/INC
[CBI] ->              : /opt/api/cbi/infographie/image/301/Bilat_Image_FreeGlut/INC
[CBI] ->              : /opt/api/cbi/infographie/image/301/Bilat_Image_FreeGlut/INC/common
[CBI] ->              : /opt/api/cbi/infographie/image/301/Bilat_Image_FreeGlut/INC/cpu
[CBI] ->              : /opt/api/cbi/infographie/image/301/Bilat_Image_FreeGlut_Cuda/INC
[CBI] ->              : /opt/api/cbi/infographie/image/301/Bilat_Image_GL/INC
[CBI] ->              : /opt/api/cbi/infographie/image/301/Bilat_Image_GL/INC/common
[CBI] ->              : /opt/api/cbi/infographie/image/301/Bilat_Image_GL/INC/cpu
[CBI] ->              : /opt/api/cbi/infographie/image/301/Bilat_Image_GL_Cuda/INC
[CBI] ->              : /opt/api/cbi/infographie/image/301/Bilat_Image_GL_Cuda/INC/gpu
[CBI] ->              : /opt/api/cbi/infographie/opengl/301/Bilat_OpenGL_Tools/INC
[CBI] ->              : /opt/api/cbi/infographie/tools/301/Bilat_tools_dll/INC
[CBI] ->              : /opt/api/cbi/tools/bilat_tools_cpp/301_004/INC
[CBI] ->              : /opt/api/cbi/tools/bilat_tools_cpp/301_004/INC/namespace_cpu
[CBI] ->              : /opt/api/cbi/tools/bilat_tools_cuda/301_004/INC
[CBI] ->              : /opt/api/cbi/tools/bilat_tools_cuda/301_004/INC/cudatools
[CBI] ->              : /opt/api/cbi/tools/bilat_tools_cuda/301_004/INC/cudatools/cpp
[CBI] ->              : /opt/api/cbi/tools/bilat_tools_cuda/301_004/INC/cudatools/cpp/host
[CBI] ->              : /opt/api/cbi/tools/bilat_tools_cuda/301_004/INC/cudatools/header
[CBI] ->              : /opt/api/cbi/tools/bilat_tools_cuda/301_004/INC/cudatools/header/both
[CBI] ->              : /opt/api/cbi/tools/bilat_tools_cuda/301_004/INC/cudatools/header/device
[CBI] ->              : /opt/api/cbi/tools/bilat_tools_cuda/301_004/INC/cudatools/header/device/curand
[CBI] ->              : /opt/api/cbi/tools/bilat_tools_cuda/301_004/INC/cudatools/header/device/reduction
[CBI] ->              : /opt/api/cbi/tools/bilat_tools_cuda/301_004/INC/cudatools/header/device/synchronisation
[CBI] ->              : /opt/api/cbi/tools/bilat_tools_cuda/301_004/INC/cudatools/header/host
[CBI] ->              : /opt/api/cbi/tools/bilat_tools_cuda/301_004/INC/cudatools/header/mixte
[CBI] ->              : /opt/api/cbi/tools/bilat_tools_cuda/301_004/INC/cudatools/nvidia
[CBI] ->              : /opt/api/cbi/tools/bilat_tools_cuda_image/301_004/INC
[CBI] ->              : /opt/api/cbi/tools/bilat_tools_cuda_image/301_004/INC/imp
[CBI] ->              : /opt/api/cbi/tools/bilat_tools_cuda_image/301_004/INC/imp/01_api_animateur
[CBI] ->              : /opt/api/cbi/tools/bilat_tools_cuda_image/301_004/INC/imp/02_api_force_brute
[CBI] ->              : /opt/api/cbi/tools/bilat_tools_cuda_image/301_004/INC/imp/02_api_force_brute/maillage
[CBI] ->              : /opt/api/cbi/tools/bilat_tools_cuda_image/301_004/INC/imp/03_api_barivox
[CBI] ->              : /opt/api/cbi/tools/bilat_tools_cuda_image/301_004/INC/imp/api_image_link
[CBI] ->              : /opt/api/cbi/tools/bilat_tools_cuda_image/301_004/INC/imp/api_viewer
[CBI] ->              : /opt/api/cbi/tools/bilat_tools_cuda_image/301_004/INC/spec
[CBI] ->              : /opt/api/cbi/tools/bilat_tools_cuda_image_cv/301_004/INC
[CBI] ->              : /opt/api/cbi/tools/bilat_tools_omp/301_004/INC
[CBI] ->              : /opt/api/cbi/tools/bilat_tools_omp/301_004/INC/OMP_Tools
[CBI] ->              : /opt/api/cbi/tools/bilat_tools_omp/301_004/INC/OMP_Tools/header
[CBI] ->              : /opt/api/cbi/tools/bilat_tools_opencv/301_004/INC
[CBI] ->              : /opt/api/cbi/tools/bilat_tools_opencv/301_004/INC/capture
[CBI] ->              : /opt/api/cbi/tools/bilat_tools_opencv/301_004/INC/capture/video
[CBI] ->              : /opt/api/cbi/tools/bilat_tools_opencv/301_004/INC/capture/webcam
[CBI] ->              : /opt/api/cbi/tools/bilat_tools_opencv/301_004/INC/show
[CBI] ->              : /opt/api/cbi/tools/bilat_tools_opencv/301_004/INC/show/shapeOverlay
[CBI] ->              : /opt/api/cbi/tools/bilat_tools_opencv/301_004/INC/show/shapeOverlay/appearance
[CBI] ->              : /opt/api/cbi/tools/bilat_tools_opencv/301_004/INC/show/shapeOverlay/drawer
[CBI] ->              : /opt/api/cbi/tools/bilat_tools_opencv/301_004/INC/show/shapeOverlay/shape
[CBI] ->              : /opt/api/cbi/tools/bilat_tools_opencv/301_004/INC/show/view
[CBI] ->              : /opt/api/cbi/tools/bilat_tools_opencv/301_004/INC/show/view/viewer
[CBI] ->              : /opt/api/cbi/tools/bilat_tools_opencv/301_004/INC/show/view/viewerMat
[CBI] ->              : /opt/api/cbi/tools/bilat_tools_opencv/301_004/INC/tools
[CBI] ->              : /opt/api/ext/boost/1610/include
[CBI] ->              : /opt/api/ext/boost/1610/include/boost
[CBI] ->              : /opt/api/ext/opencv/310/include
[CBI] ->              : /opt/api/ext/opencv/310/include/opencv
[CBI] ->              : /opt/api/ext/opencv/310/include/opencv2
[CBI] ->              : /opt/api/ext/opencv/310/include/opencv2/calib3d
[CBI] ->              : /opt/api/ext/opencv/310/include/opencv2/core
[CBI] ->              : /opt/api/ext/opencv/310/include/opencv2/core/cuda
[CBI] ->              : /opt/api/ext/opencv/310/include/opencv2/core/cuda/detail
[CBI] ->              : /opt/api/ext/opencv/310/include/opencv2/core/hal
[CBI] ->              : /opt/api/ext/opencv/310/include/opencv2/features2d
[CBI] ->              : /opt/api/ext/opencv/310/include/opencv2/flann
[CBI] ->              : /opt/api/ext/opencv/310/include/opencv2/highgui
[CBI] ->              : /opt/api/ext/opencv/310/include/opencv2/imgcodecs
[CBI] ->              : /opt/api/ext/opencv/310/include/opencv2/imgproc
[CBI] ->              : /opt/api/ext/opencv/310/include/opencv2/imgproc/detail
[CBI] ->              : /opt/api/ext/opencv/310/include/opencv2/ml
[CBI] ->              : /opt/api/ext/opencv/310/include/opencv2/objdetect
[CBI] ->              : /opt/api/ext/opencv/310/include/opencv2/photo
[CBI] ->              : /opt/api/ext/opencv/310/include/opencv2/shape
[CBI] ->              : /opt/api/ext/opencv/310/include/opencv2/stitching
[CBI] ->              : /opt/api/ext/opencv/310/include/opencv2/stitching/detail
[CBI] ->              : /opt/api/ext/opencv/310/include/opencv2/superres
[CBI] ->              : /opt/api/ext/opencv/310/include/opencv2/video
[CBI] ->              : /opt/api/ext/opencv/310/include/opencv2/videoio
[CBI] ->              : /opt/api/ext/opencv/310/include/opencv2/videostab
[CBI] ->              : /usr/local/cuda-8.0/include
[CBI] ->              : /usr/local/cuda-8.0/include/CL
[CBI] ->              : /usr/local/cuda-8.0/include/crt

[CBI] -> API_BIN :
[CBI] ->              : /opt/api/cbi/infographie/fenetrage/301/Bilat_Fenetrage_Displayable/BIN/gcc
[CBI] ->              : /opt/api/cbi/infographie/fenetrage/301/Bilat_Fenetrage_Displayable_GL/BIN/gcc
[CBI] ->              : /opt/api/cbi/infographie/fenetrage/301/Bilat_Fenetrage_FreeGlut_Tools/BIN/gcc
[CBI] ->              : /opt/api/cbi/infographie/image/301/Bilat_Image_FreeGlut/BIN/gcc
[CBI] ->              : /opt/api/cbi/infographie/image/301/Bilat_Image_FreeGlut_Cuda/BIN/gcc
[CBI] ->              : /opt/api/cbi/infographie/image/301/Bilat_Image_GL/BIN/gcc
[CBI] ->              : /opt/api/cbi/infographie/image/301/Bilat_Image_GL_Cuda/BIN/gcc
[CBI] ->              : /opt/api/cbi/infographie/opengl/301/Bilat_OpenGL_Tools/BIN/gcc
[CBI] ->              : /opt/api/cbi/tools/bilat_tools_cpp/301_004/BIN/gcc
[CBI] ->              : /opt/api/cbi/tools/bilat_tools_cuda/301_004/BIN/gcc
[CBI] ->              : /opt/api/cbi/tools/bilat_tools_cuda_image/301_004/BIN/gcc
[CBI] ->              : /opt/api/cbi/tools/bilat_tools_cuda_image_cv/301_004/BIN/gcc
[CBI] ->              : /opt/api/cbi/tools/bilat_tools_omp/301_004/BIN/gcc
[CBI] ->              : /opt/api/cbi/tools/bilat_tools_opencv/301_004/BIN/gcc
[CBI] ->              : /opt/api/ext/boost/1610/lib
[CBI] ->              : /opt/api/ext/boost/1610/lib/gcc
[CBI] ->              : /opt/api/ext/boost/1610/lib/icc
[CBI] ->              : /opt/api/ext/opencv/310/lib
[CBI] ->              : /opt/api/ext/opencv/310/lib/pkgconfig
[CBI] ->              : /usr/local/cuda-8.0/lib64
[CBI] ->              : /usr/local/cuda-8.0/lib64/stubs

[CBI] -> API_LIBRARIES_STATIC :

[CBI] -> API_LIBRARIES :
[CBI] ->              : BilatTools_CPP_301_004_gcc_x86_64
[CBI] ->              : BilatTools_Cuda_301_004_cuda_80_x86_64
[CBI] ->              : BilatTools_Cuda_Image_301_004_cuda_80_x86_64
[CBI] ->              : BilatTools_Image_OpenCV_Cuda_301_004_cuda_80_x86_64
[CBI] ->              : BilatTools_OMP_301_004_gcc_x86_64
[CBI] ->              : BilatTools_OpenCV_301_004_gcc_x86_64
[CBI] ->              : Bilat_Fenetrage_Displayable_301_gcc_x86_64
[CBI] ->              : Bilat_Fenetrage_Displayable_GL_301_gcc_x86_64
[CBI] ->              : Bilat_Fenetrage_FreeGlut_Tools_301_gcc_x86_64
[CBI] ->              : Bilat_Image_FreeGlut_301_gcc_x86_64
[CBI] ->              : Bilat_Image_FreeGlut_Cuda_301_cuda_80_x86_64
[CBI] ->              : Bilat_Image_GL_301_gcc_x86_64
[CBI] ->              : Bilat_Image_GL_Cuda_301_cuda_80_x86_64
[CBI] ->              : Bilat_OpenGL_Tools_301_gcc_x86_64
[CBI] ->              : GL
[CBI] ->              : GLEW
[CBI] ->              : GLU
[CBI] ->              : OpenCL
[CBI] ->              : boost_atomic-gcc484
[CBI] ->              : boost_atomic-icc17
[CBI] ->              : boost_chrono-gcc484
[CBI] ->              : boost_chrono-icc17
[CBI] ->              : boost_container-gcc484
[CBI] ->              : boost_container-icc17
[CBI] ->              : boost_date_time-gcc484
[CBI] ->              : boost_date_time-icc17
[CBI] ->              : boost_filesystem-gcc484
[CBI] ->              : boost_filesystem-icc17
[CBI] ->              : boost_graph-gcc484
[CBI] ->              : boost_graph-icc17
[CBI] ->              : boost_locale-gcc484
[CBI] ->              : boost_locale-icc17
[CBI] ->              : boost_log-gcc484
[CBI] ->              : boost_log-icc17
[CBI] ->              : boost_log_setup-gcc484
[CBI] ->              : boost_log_setup-icc17
[CBI] ->              : boost_math_c99-gcc484
[CBI] ->              : boost_math_c99-icc17
[CBI] ->              : boost_math_c99f-gcc484
[CBI] ->              : boost_math_c99f-icc17
[CBI] ->              : boost_math_c99l-gcc484
[CBI] ->              : boost_math_c99l-icc17
[CBI] ->              : boost_math_tr1-gcc484
[CBI] ->              : boost_math_tr1-icc17
[CBI] ->              : boost_math_tr1f-gcc484
[CBI] ->              : boost_math_tr1f-icc17
[CBI] ->              : boost_math_tr1l-gcc484
[CBI] ->              : boost_math_tr1l-icc17
[CBI] ->              : boost_prg_exec_monitor-gcc484
[CBI] ->              : boost_prg_exec_monitor-icc17
[CBI] ->              : boost_program_options-gcc484
[CBI] ->              : boost_program_options-icc17
[CBI] ->              : boost_random-gcc484
[CBI] ->              : boost_random-icc17
[CBI] ->              : boost_regex-gcc484
[CBI] ->              : boost_regex-icc17
[CBI] ->              : boost_serialization-gcc484
[CBI] ->              : boost_serialization-icc17
[CBI] ->              : boost_signals-gcc484
[CBI] ->              : boost_signals-icc17
[CBI] ->              : boost_system-gcc484
[CBI] ->              : boost_system-icc17
[CBI] ->              : boost_thread-gcc484
[CBI] ->              : boost_thread-icc17
[CBI] ->              : boost_timer-gcc484
[CBI] ->              : boost_timer-icc17
[CBI] ->              : boost_type_erasure-gcc484
[CBI] ->              : boost_type_erasure-icc17
[CBI] ->              : boost_unit_test_framework-gcc484
[CBI] ->              : boost_unit_test_framework-icc17
[CBI] ->              : boost_wave-gcc484
[CBI] ->              : boost_wave-icc17
[CBI] ->              : boost_wserialization-gcc484
[CBI] ->              : boost_wserialization-icc17
[CBI] ->              : cublas
[CBI] ->              : cuda
[CBI] ->              : cudart
[CBI] ->              : cufft
[CBI] ->              : cufftw
[CBI] ->              : cuinj64
[CBI] ->              : curand
[CBI] ->              : cusolver
[CBI] ->              : cusparse
[CBI] ->              : glut
[CBI] ->              : nppc
[CBI] ->              : nppi
[CBI] ->              : nppial
[CBI] ->              : nppicc
[CBI] ->              : nppicom
[CBI] ->              : nppidei
[CBI] ->              : nppif
[CBI] ->              : nppig
[CBI] ->              : nppim
[CBI] ->              : nppist
[CBI] ->              : nppisu
[CBI] ->              : nppitc
[CBI] ->              : npps
[CBI] ->              : nvToolsExt
[CBI] ->              : nvblas
[CBI] ->              : nvgraph
[CBI] ->              : nvidia-ml
[CBI] ->              : nvrtc
[CBI] ->              : nvrtc-builtins
[CBI] ->              : opencv_calib3d_gcc484
[CBI] ->              : opencv_core_gcc484
[CBI] ->              : opencv_features2d_gcc484
[CBI] ->              : opencv_flann_gcc484
[CBI] ->              : opencv_highgui_gcc484
[CBI] ->              : opencv_imgcodecs_gcc484
[CBI] ->              : opencv_imgproc_gcc484
[CBI] ->              : opencv_ml_gcc484
[CBI] ->              : opencv_objdetect_gcc484
[CBI] ->              : opencv_photo_gcc484
[CBI] ->              : opencv_shape_gcc484
[CBI] ->              : opencv_stitching_gcc484
[CBI] ->              : opencv_superres_gcc484
[CBI] ->              : opencv_video_gcc484
[CBI] ->              : opencv_videoio_gcc484
[CBI] ->              : opencv_videostab_gcc484

[CBI] -> Create folder : /tmp/ramdrive/arc28/Targets/Student_Cuda_Image/bin
[CBI] -> Create folder : /tmp/ramdrive/arc28/Targets/Student_Cuda_Image/obj
[CBI] -> Create folder : /tmp/ramdrive/arc28/Targets/Student_Cuda_Image/cubin

[CBI] -> Compilation parallel (32 threads)

[Student_Cuda_Image_cuda_80_x86_64] -> g++ compiling .cpp : src/cpp/main.cpp
[Student_Cuda_Image_cuda_80_x86_64] -> g++ compiling .cpp : src/cpp/core/mainAnimable.cpp
[Student_Cuda_Image_cuda_80_x86_64] -> g++ compiling .cpp : src/cpp/core/mainBarivox.cpp
[Student_Cuda_Image_cuda_80_x86_64] -> g++ compiling .cpp : src/cpp/core/mainBruteForce.cpp
[Student_Cuda_Image_cuda_80_x86_64] -> g++ compiling .cpp : src/cpp/core/mainImage.cpp
[Student_Cuda_Image_cuda_80_x86_64] -> g++ compiling .cpp : src/cpp/core/02_Mandelbrot/b_provider/MandelbrotProvider.cpp
[Student_Cuda_Image_cuda_80_x86_64] -> g++ compiling .cpp : src/cpp/core/01_Rippling/02_provider/RipplingProvider.cpp
[Student_Cuda_Image_cuda_80_x86_64] -> nvcc compiling .cu : src/cpp/core/02_Mandelbrot/a_animable/device/MandelbrotDevice.cu
[Student_Cuda_Image_cuda_80_x86_64] -> nvcc compiling .cu : src/cpp/core/02_Mandelbrot/a_animable/host/Mandelbrot.cu
[Student_Cuda_Image_cuda_80_x86_64] -> nvcc compiling .cu : src/cpp/core/01_Rippling/01_animable/device/ripplingDevice.cu
[Student_Cuda_Image_cuda_80_x86_64] -> nvcc compiling .cu : src/cpp/core/01_Rippling/01_animable/host/Rippling.cu
src/cpp/core/02_Mandelbrot/a_animable/device/MandelbrotDevice.cu:1:24: warning: extra tokens at end of #include directive [enabled by default]
 #include "Mandelbrot.h".h"
                        ^
src/cpp/core/02_Mandelbrot/a_animable/device/MandelbrotDevice.cu:1:26: warning: missing terminating " character [enabled by default]
 #include "Mandelbrot.h".h"
                          ^
src/cpp/core/02_Mandelbrot/a_animable/host/Mandelbrot.cu:1:24: warning: extra tokens at end of #include directive [enabled by default]
 #include "Mandelbrot.h".h"
                        ^
src/cpp/core/02_Mandelbrot/a_animable/host/Mandelbrot.cu:1:26: warning: missing terminating " character [enabled by default]
 #include "Mandelbrot.h".h"
                          ^
src/cpp/core/02_Mandelbrot/a_animable/device/math/MandelbrotMath.h(105): error: Calibreur is not a template

src/cpp/core/02_Mandelbrot/a_animable/device/math/MandelbrotMath.h(27): error: identifier "Interval" is undefined

src/cpp/core/02_Mandelbrot/a_animable/device/math/MandelbrotMath.h(27): error: type name is not allowed

src/cpp/core/02_Mandelbrot/a_animable/device/math/MandelbrotMath.h(27): warning: expression has no effect

src/cpp/core/02_Mandelbrot/a_animable/device/math/MandelbrotMath.h(27): error: expected a ")"

src/cpp/core/02_Mandelbrot/a_animable/device/math/MandelbrotMath.h(105): error: Calibreur is not a template

src/cpp/core/02_Mandelbrot/a_animable/device/math/MandelbrotMath.h(27): error: identifier "Interval" is undefined

src/cpp/core/02_Mandelbrot/a_animable/device/math/MandelbrotMath.h(27): error: type name is not allowed

src/cpp/core/02_Mandelbrot/a_animable/device/math/MandelbrotMath.h(27): warning: expression has no effect

src/cpp/core/02_Mandelbrot/a_animable/device/math/MandelbrotMath.h(27): error: expected a ")"

In file included from src/cpp/core/02_Mandelbrot/a_animable/host/Mandelbrot.h:3:0,
                 from src/cpp/core/02_Mandelbrot/b_provider/MandelbrotProvider.cpp:2:
src/cpp/core/02_Mandelbrot/a_animable/device/math/MandelbrotMath.h:105:2: error: ‘Calibreur’ does not name a type
  Calibreur<float> calibreur;
  ^
src/cpp/core/02_Mandelbrot/a_animable/device/math/MandelbrotMath.h: In constructor ‘MandelbrotMath::MandelbrotMath(uint)’:
src/cpp/core/02_Mandelbrot/a_animable/device/math/MandelbrotMath.h:27:3: error: class ‘MandelbrotMath’ does not have any field named ‘calibreur’
   calibreur(Interval<float>(0, n), Interval<float>(0, 1))
   ^
src/cpp/core/02_Mandelbrot/a_animable/device/math/MandelbrotMath.h:27:13: error: ‘Interval’ was not declared in this scope
   calibreur(Interval<float>(0, n), Interval<float>(0, 1))
             ^
src/cpp/core/02_Mandelbrot/a_animable/device/math/MandelbrotMath.h:27:22: error: expected primary-expression before ‘float’
   calibreur(Interval<float>(0, n), Interval<float>(0, 1))
                      ^
src/cpp/core/02_Mandelbrot/a_animable/device/math/MandelbrotMath.h:27:45: error: expected primary-expression before ‘float’
   calibreur(Interval<float>(0, n), Interval<float>(0, 1))
                                             ^
src/cpp/core/02_Mandelbrot/a_animable/device/math/MandelbrotMath.h: In member function ‘void MandelbrotMath::colorXY(uchar4*, float, float, float)’:
src/cpp/core/02_Mandelbrot/a_animable/device/math/MandelbrotMath.h:58:7: error: ‘calibreur’ was not declared in this scope
       calibreur.calibrer(hue);
       ^
In file included from src/cpp/core/02_Mandelbrot/b_provider/MandelbrotProvider.cpp:2:0:
src/cpp/core/02_Mandelbrot/a_animable/host/Mandelbrot.h: At global scope:
src/cpp/core/02_Mandelbrot/a_animable/host/Mandelbrot.h:6:17: error: ‘cpu’ is not a namespace-name
 using namespace cpu;
                 ^
src/cpp/core/02_Mandelbrot/a_animable/host/Mandelbrot.h:6:20: error: expected namespace-name before ‘;’ token
 using namespace cpu;
                    ^
src/cpp/core/02_Mandelbrot/a_animable/host/Mandelbrot.h:54:2: error: ‘Variateur’ does not name a type
  Variateur<float> variateurAnimation;
  ^
src/cpp/core/02_Mandelbrot/b_provider/MandelbrotProvider.cpp:8:17: error: ‘cpu’ is not a namespace-name
 using namespace cpu;
                 ^
src/cpp/core/02_Mandelbrot/b_provider/MandelbrotProvider.cpp:8:20: error: expected namespace-name before ‘;’ token
 using namespace cpu;
                    ^
src/cpp/core/02_Mandelbrot/b_provider/MandelbrotProvider.cpp: In member function ‘virtual gpu::Animable_I<uchar4>* MandelbrotProvider::createAnimable()’:
src/cpp/core/02_Mandelbrot/b_provider/MandelbrotProvider.cpp:62:58: error: no matching function for call to ‘Mandelbrot::Mandelbrot(Grid&, int&, int&, float&, int&, gpu::DomaineMath&)’
     return new Mandelbrot(grid,dw, dh, dt, n, domaineMath);
                                                          ^
src/cpp/core/02_Mandelbrot/b_provider/MandelbrotProvider.cpp:62:58: note: candidates are:
In file included from src/cpp/core/02_Mandelbrot/b_provider/MandelbrotProvider.cpp:2:0:
src/cpp/core/02_Mandelbrot/a_animable/host/Mandelbrot.h:25:2: note: Mandelbrot::Mandelbrot(uint, uint, float, uint, const gpu::DomaineMath&)
  Mandelbrot(uint w, uint h, float dt, uint n, const DomaineMath& domaineMath);
  ^
src/cpp/core/02_Mandelbrot/a_animable/host/Mandelbrot.h:25:2: note:   candidate expects 5 arguments, 6 provided
src/cpp/core/02_Mandelbrot/a_animable/host/Mandelbrot.h:16:7: note: Mandelbrot::Mandelbrot(const Mandelbrot&)
 class Mandelbrot: public Animable_I<uchar4>
       ^
src/cpp/core/02_Mandelbrot/a_animable/host/Mandelbrot.h:16:7: note:   candidate expects 1 argument, 6 provided
make[1]: *** [/tmp/ramdrive/arc28/Targets/Student_Cuda_Image/obj/MandelbrotProvider.o] Error 1
make[1]: *** Waiting for unfinished jobs....
src/cpp/core/02_Mandelbrot/a_animable/host/Mandelbrot.h(6): error: name must be a namespace name

src/cpp/core/02_Mandelbrot/a_animable/host/Mandelbrot.h(54): error: Variateur is not a template

src/cpp/core/02_Mandelbrot/a_animable/host/Mandelbrot.cu(9): error: name followed by "::" must be a class or namespace name

src/cpp/core/02_Mandelbrot/a_animable/host/Mandelbrot.cu(35): error: no instance of overloaded function "Mandelbrot::Mandelbrot" matches the specified type

src/cpp/core/02_Mandelbrot/a_animable/host/Mandelbrot.cu(35): error: expected a "{"

src/cpp/core/02_Mandelbrot/a_animable/host/Mandelbrot.cu(73): error: too few arguments in function call

src/cpp/core/01_Rippling/01_animable/device/math/RipplingMath.h(82): warning: missing return statement at end of non-void function "RipplingMath::dij"

10 errors detected in the compilation of "/tmp/tmpxft_00004de8_00000000-7_Mandelbrot.cpp1.ii".
make[1]: *** [/tmp/ramdrive/arc28/Targets/Student_Cuda_Image/obj/Mandelbrot.o] Error 2
src/cpp/core/02_Mandelbrot/a_animable/host/Mandelbrot.h(6): error: name must be a namespace name

src/cpp/core/02_Mandelbrot/a_animable/host/Mandelbrot.h(54): error: Variateur is not a template

src/cpp/core/02_Mandelbrot/a_animable/device/MandelbrotDevice.cu(46): error: identifier "n" is undefined

src/cpp/core/02_Mandelbrot/a_animable/device/MandelbrotDevice.cu(50): error: name followed by "::" must be a class or namespace name

src/cpp/core/02_Mandelbrot/a_animable/device/MandelbrotDevice.cu(51): error: name followed by "::" must be a class or namespace name

src/cpp/core/02_Mandelbrot/a_animable/device/MandelbrotDevice.cu(61): error: identifier "workPixel" is undefined

10 errors detected in the compilation of "/tmp/tmpxft_00004ddd_00000000-7_MandelbrotDevice.cpp1.ii".
make[1]: *** [/tmp/ramdrive/arc28/Targets/Student_Cuda_Image/obj/MandelbrotDevice.o] Error 2
make: *** [jall] Error 2
